Opening http://localhost:5174/#/login
Found elements (first 80):
[
  {
    "tag": "button",
    "text": "Dia",
    "class": "theme-toggle",
    "html": "<button class=\"theme-toggle\" aria-label=\"Alternar para modo escuro\" title=\"Modo Escuro (Noite)\"><div class=\"traffic-light light\"><div class=\"light-container\"><div class=\"light red \"></div><div class=\"light green active\"></div></div></div><s..."
  },
  {
    "tag": "button",
    "text": "Toggle mobile menu",
    "class": "mobile-menu-toggle ",
    "html": "<button class=\"mobile-menu-toggle \" aria-label=\"Toggle mobile menu\" aria-haspopup=\"true\" aria-expanded=\"false\"><span class=\"hamburger-line\"></span><span class=\"hamburger-line\"></span><span class=\"hamburger-line\"></span></button>"
  },
  {
    "tag": "button",
    "text": "In├¡cio",
    "class": "dropdown-item",
    "html": "<button class=\"dropdown-item\">In├¡cio</button>"
  },
  {
    "tag": "button",
    "text": "Cat├ílogo de Pe├ºas",
    "class": "dropdown-item",
    "html": "<button class=\"dropdown-item\">Cat├ílogo de Pe├ºas</button>"
  },
  {
    "tag": "button",
    "text": "Quem Somos",
    "class": "dropdown-item",
    "html": "<button class=\"dropdown-item\">Quem Somos</button>"
  },
  {
    "tag": "button",
    "text": "Nosso Projeto",
    "class": "dropdown-item",
    "html": "<button class=\"dropdown-item\">Nosso Projeto</button>"
  },
  {
    "tag": "button",
    "text": "Seja Pro",
    "class": "dropdown-item",
    "html": "<button class=\"dropdown-item\">Seja Pro</button>"
  },
  {
    "tag": "button",
    "text": "Contato",
    "class": "dropdown-item",
    "html": "<button class=\"dropdown-item\">Contato</button>"
  },
  {
    "tag": "button",
    "text": "In├¡cio",
    "class": "menu-login-item ",
    "html": "<button class=\"menu-login-item \">In├¡cio</button>"
  },
  {
    "tag": "button",
    "text": "Cat├ílogo de Pe├ºas",
    "class": "menu-login-item ",
    "html": "<button class=\"menu-login-item \">Cat├ílogo de Pe├ºas</button>"
  },
  {
    "tag": "button",
    "text": "Quem Somos",
    "class": "menu-login-item ",
    "html": "<button class=\"menu-login-item \">Quem Somos</button>"
  },
  {
    "tag": "button",
    "text": "Nosso Projeto",
    "class": "menu-login-item nosso-projeto",
    "html": "<button class=\"menu-login-item nosso-projeto\">Nosso Projeto</button>"
  },
  {
    "tag": "button",
    "text": "Seja Pro",
    "class": "menu-login-item ",
    "html": "<button class=\"menu-login-item \">Seja Pro</button>"
  },
  {
    "tag": "button",
    "text": "Contato",
    "class": "menu-login-item ",
    "html": "<button class=\"menu-login-item \">Contato</button>"
  },
  {
    "tag": "button",
    "text": "Comece agora - ├ë gr├ítis",
    "class": "get-started-button ",
    "html": "<button class=\"get-started-button \" type=\"button\"><span class=\"button-text\">Comece agora - ├ë gr├ítis</span><svg class=\"button-arrow\" width=\"16\" height=\"16\" viewBox=\"0 0 24 24\" fill=\"none\" xmlns=\"http://www.w3.org/2000/svg\"><path d=\"M5 12h14m..."
  },
  {
    "tag": "input",
    "text": "",
    "class": "input",
    "html": "<input class=\"input\" type=\"email\" placeholder=\"seu@exemplo.com\" autocomplete=\"username\" value=\"\">"
  },
  {
    "tag": "input",
    "text": "",
    "class": "input password-input",
    "html": "<input class=\"input password-input\" type=\"password\" placeholder=\"Senha\" autocomplete=\"current-password\" value=\"\">"
  },
  {
    "tag": "button",
    "text": "Mostrar senha",
    "class": "car-toggle headlight-off",
    "html": "<button type=\"button\" class=\"car-toggle headlight-off\" aria-label=\"Mostrar senha\"><svg width=\"32\" height=\"24\" viewBox=\"0 0 32 24\" fill=\"none\" xmlns=\"http://www.w3.org/2000/svg\"><path d=\"M28 8c0-1.1-.9-2-2-2h-2l-1-2c-.5-.9-1.4-1.5-2.4-1.5H11..."
  },
  {
    "tag": "a",
    "text": "Esqueci minha senha",
    "class": "login-forgot-link",
    "html": "<a href=\"#\" class=\"login-forgot-link\">Esqueci minha senha</a>"
  },
  {
    "tag": "button",
    "text": "Entrar",
    "class": "submit",
    "html": "<button class=\"submit\" type=\"submit\">Entrar</button>"
  },
  {
    "tag": "button",
    "text": "Entrar com Google",
    "class": "google-btn google-btn-round",
    "html": "<button type=\"button\" class=\"google-btn google-btn-round\" aria-label=\"Entrar com Google\" title=\"Entrar com Google\"><svg width=\"20\" height=\"20\" viewBox=\"0 0 48 48\" xmlns=\"http://www.w3.org/2000/svg\" role=\"img\" aria-hidden=\"true\"><path fill=\"..."
  },
  {
    "tag": "a",
    "text": "Crie sua conta agora!",
    "class": "signup-link",
    "html": "<a class=\"signup-link\" href=\"#/cadastro\" data-discover=\"true\">Crie sua conta agora!</a>"
  }
]
